[ 2017-11-23T10:43:36+08:00 ] 127.0.0.1 /index.php/Admin/Admin/ajaxUpdateIsuse/admin_id/4
INFO: [ app_begin ] --START--
INFO: Run Behavior\ReadHtmlCacheBehavior [ RunTime:0.000000s ]
INFO: [ app_begin ] --END-- [ RunTime:0.000000s ]
ERR: 非法操作:ajaxUpdateIsuse

[ 2017-11-23T10:43:39+08:00 ] 127.0.0.1 /index.php/Admin/Admin/ajaxUpdateIsuse/admin_id/4
INFO: [ app_begin ] --START--
INFO: Run Behavior\ReadHtmlCacheBehavior [ RunTime:0.000000s ]
INFO: [ app_begin ] --END-- [ RunTime:0.000000s ]
ERR: 非法操作:ajaxUpdateIsuse

[ 2017-11-23T10:43:53+08:00 ] 127.0.0.1 /index.php/Admin/Admin/ajaxUpdateIsuse/admin_id/4
INFO: [ app_begin ] --START--
INFO: Run Behavior\ReadHtmlCacheBehavior [ RunTime:0.000000s ]
INFO: [ app_begin ] --END-- [ RunTime:0.000000s ]
ERR: 非法操作:ajaxUpdateIsuse

[ 2017-11-23T10:43:59+08:00 ] 127.0.0.1 /index.php/Admin/Admin/ajaxUpdateIsuse/admin_id/4
INFO: [ app_begin ] --START--
INFO: Run Behavior\ReadHtmlCacheBehavior [ RunTime:0.000000s ]
INFO: [ app_begin ] --END-- [ RunTime:0.000000s ]
ERR: 非法操作:ajaxUpdateIsuse

[ 2017-11-23T10:43:59+08:00 ] 127.0.0.1 /index.php/Admin/Admin/ajaxUpdateIsuse/admin_id/4
INFO: [ app_begin ] --START--
INFO: Run Behavior\ReadHtmlCacheBehavior [ RunTime:0.000000s ]
INFO: [ app_begin ] --END-- [ RunTime:0.000000s ]
ERR: 非法操作:ajaxUpdateIsuse

[ 2017-11-23T10:44:00+08:00 ] 127.0.0.1 /index.php/Admin/Admin/ajaxUpdateIsuse/admin_id/4
INFO: [ app_begin ] --START--
INFO: Run Behavior\ReadHtmlCacheBehavior [ RunTime:0.000000s ]
INFO: [ app_begin ] --END-- [ RunTime:0.000000s ]
ERR: 非法操作:ajaxUpdateIsuse

[ 2017-11-23T10:44:00+08:00 ] 127.0.0.1 /index.php/Admin/Admin/ajaxUpdateIsuse/admin_id/4
INFO: [ app_begin ] --START--
INFO: Run Behavior\ReadHtmlCacheBehavior [ RunTime:0.000000s ]
INFO: [ app_begin ] --END-- [ RunTime:0.000000s ]
ERR: 非法操作:ajaxUpdateIsuse

[ 2017-11-23T10:44:00+08:00 ] 127.0.0.1 /index.php/Admin/Admin/ajaxUpdateIsuse/admin_id/4
INFO: [ app_begin ] --START--
INFO: Run Behavior\ReadHtmlCacheBehavior [ RunTime:0.000000s ]
INFO: [ app_begin ] --END-- [ RunTime:0.000000s ]
ERR: 非法操作:ajaxUpdateIsuse

[ 2017-11-23T10:44:00+08:00 ] 127.0.0.1 /index.php/Admin/Admin/ajaxUpdateIsuse/admin_id/4
INFO: [ app_begin ] --START--
INFO: Run Behavior\ReadHtmlCacheBehavior [ RunTime:0.000000s ]
INFO: [ app_begin ] --END-- [ RunTime:0.000000s ]
ERR: 非法操作:ajaxUpdateIsuse

[ 2017-11-23T10:44:01+08:00 ] 127.0.0.1 /index.php/Admin/Admin/ajaxUpdateIsuse/admin_id/4
INFO: [ app_begin ] --START--
INFO: Run Behavior\ReadHtmlCacheBehavior [ RunTime:0.000000s ]
INFO: [ app_begin ] --END-- [ RunTime:0.000000s ]
ERR: 非法操作:ajaxUpdateIsuse

[ 2017-11-23T10:44:01+08:00 ] 127.0.0.1 /index.php/Admin/Admin/ajaxUpdateIsuse/admin_id/4
INFO: [ app_begin ] --START--
INFO: Run Behavior\ReadHtmlCacheBehavior [ RunTime:0.000000s ]
INFO: [ app_begin ] --END-- [ RunTime:0.000000s ]
ERR: 非法操作:ajaxUpdateIsuse

[ 2017-11-23T10:44:01+08:00 ] 127.0.0.1 /index.php/Admin/Admin/ajaxUpdateIsuse/admin_id/4
INFO: [ app_begin ] --START--
INFO: Run Behavior\ReadHtmlCacheBehavior [ RunTime:0.000000s ]
INFO: [ app_begin ] --END-- [ RunTime:0.000000s ]
ERR: 非法操作:ajaxUpdateIsuse

[ 2017-11-23T10:44:01+08:00 ] 127.0.0.1 /index.php/Admin/Admin/ajaxUpdateIsuse/admin_id/4
INFO: [ app_begin ] --START--
INFO: Run Behavior\ReadHtmlCacheBehavior [ RunTime:0.000000s ]
INFO: [ app_begin ] --END-- [ RunTime:0.000000s ]
ERR: 非法操作:ajaxUpdateIsuse

[ 2017-11-23T10:44:01+08:00 ] 127.0.0.1 /index.php/Admin/Admin/ajaxUpdateIsuse/admin_id/4
INFO: [ app_begin ] --START--
INFO: Run Behavior\ReadHtmlCacheBehavior [ RunTime:0.000000s ]
INFO: [ app_begin ] --END-- [ RunTime:0.000000s ]
ERR: 非法操作:ajaxUpdateIsuse

[ 2017-11-23T10:44:01+08:00 ] 127.0.0.1 /index.php/Admin/Admin/ajaxUpdateIsuse/admin_id/4
INFO: [ app_begin ] --START--
INFO: Run Behavior\ReadHtmlCacheBehavior [ RunTime:0.000000s ]
INFO: [ app_begin ] --END-- [ RunTime:0.000000s ]
ERR: 非法操作:ajaxUpdateIsuse

[ 2017-11-23T10:44:02+08:00 ] 127.0.0.1 /index.php/Admin/Admin/ajaxUpdateIsuse/admin_id/4
INFO: [ app_begin ] --START--
INFO: Run Behavior\ReadHtmlCacheBehavior [ RunTime:0.015600s ]
INFO: [ app_begin ] --END-- [ RunTime:0.015600s ]
ERR: 非法操作:ajaxUpdateIsuse

[ 2017-11-23T10:44:02+08:00 ] 127.0.0.1 /index.php/Admin/Admin/ajaxUpdateIsuse/admin_id/4
INFO: [ app_begin ] --START--
INFO: Run Behavior\ReadHtmlCacheBehavior [ RunTime:0.000000s ]
INFO: [ app_begin ] --END-- [ RunTime:0.000000s ]
ERR: 非法操作:ajaxUpdateIsuse

[ 2017-11-23T10:44:02+08:00 ] 127.0.0.1 /index.php/Admin/Admin/ajaxUpdateIsuse/admin_id/4
INFO: [ app_begin ] --START--
INFO: Run Behavior\ReadHtmlCacheBehavior [ RunTime:0.000000s ]
INFO: [ app_begin ] --END-- [ RunTime:0.000000s ]
ERR: 非法操作:ajaxUpdateIsuse

[ 2017-11-23T10:44:02+08:00 ] 127.0.0.1 /index.php/Admin/Admin/ajaxUpdateIsuse/admin_id/4
INFO: [ app_begin ] --START--
INFO: Run Behavior\ReadHtmlCacheBehavior [ RunTime:0.000000s ]
INFO: [ app_begin ] --END-- [ RunTime:0.000000s ]
ERR: 非法操作:ajaxUpdateIsuse

[ 2017-11-23T10:44:02+08:00 ] 127.0.0.1 /index.php/Admin/Admin/ajaxUpdateIsuse/admin_id/4
INFO: [ app_begin ] --START--
INFO: Run Behavior\ReadHtmlCacheBehavior [ RunTime:0.000000s ]
INFO: [ app_begin ] --END-- [ RunTime:0.000000s ]
ERR: 非法操作:ajaxUpdateIsuse

[ 2017-11-23T10:44:03+08:00 ] 127.0.0.1 /index.php/Admin/Admin/ajaxUpdateIsuse/admin_id/4
INFO: [ app_begin ] --START--
INFO: Run Behavior\ReadHtmlCacheBehavior [ RunTime:0.000000s ]
INFO: [ app_begin ] --END-- [ RunTime:0.000000s ]
ERR: 非法操作:ajaxUpdateIsuse

[ 2017-11-23T10:44:03+08:00 ] 127.0.0.1 /index.php/Admin/Admin/ajaxUpdateIsuse/admin_id/4
INFO: [ app_begin ] --START--
INFO: Run Behavior\ReadHtmlCacheBehavior [ RunTime:0.000000s ]
INFO: [ app_begin ] --END-- [ RunTime:0.000000s ]
ERR: 非法操作:ajaxUpdateIsuse

[ 2017-11-23T10:44:03+08:00 ] 127.0.0.1 /index.php/Admin/Admin/ajaxUpdateIsuse/admin_id/4
INFO: [ app_begin ] --START--
INFO: Run Behavior\ReadHtmlCacheBehavior [ RunTime:0.000000s ]
INFO: [ app_begin ] --END-- [ RunTime:0.000000s ]
ERR: 非法操作:ajaxUpdateIsuse

[ 2017-11-23T10:44:03+08:00 ] 127.0.0.1 /index.php/Admin/Admin/ajaxUpdateIsuse/admin_id/4
INFO: [ app_begin ] --START--
INFO: Run Behavior\ReadHtmlCacheBehavior [ RunTime:0.000000s ]
INFO: [ app_begin ] --END-- [ RunTime:0.000000s ]
ERR: 非法操作:ajaxUpdateIsuse

[ 2017-11-23T10:44:04+08:00 ] 127.0.0.1 /index.php/Admin/Admin/ajaxUpdateIsuse/admin_id/4
INFO: [ app_begin ] --START--
INFO: Run Behavior\ReadHtmlCacheBehavior [ RunTime:0.000000s ]
INFO: [ app_begin ] --END-- [ RunTime:0.000000s ]
ERR: 非法操作:ajaxUpdateIsuse

[ 2017-11-23T10:44:04+08:00 ] 127.0.0.1 /index.php/Admin/Admin/ajaxUpdateIsuse/admin_id/4
INFO: [ app_begin ] --START--
INFO: Run Behavior\ReadHtmlCacheBehavior [ RunTime:0.000000s ]
INFO: [ app_begin ] --END-- [ RunTime:0.000000s ]
ERR: 非法操作:ajaxUpdateIsuse

[ 2017-11-23T10:46:08+08:00 ] 127.0.0.1 /index.php/Admin/Admin/ajaxUpdateIsuse/admin_id/4
INFO: [ app_begin ] --START--
INFO: Run Behavior\ReadHtmlCacheBehavior [ RunTime:0.000000s ]
INFO: [ app_begin ] --END-- [ RunTime:0.000000s ]
INFO: [ app_end ] --START--
INFO: Run Behavior\ShowPageTraceBehavior [ RunTime:0.015600s ]
INFO: [ app_end ] --END-- [ RunTime:0.015600s ]

[ 2017-11-23T10:46:13+08:00 ] 127.0.0.1 /index.php/Admin/Admin/ajaxUpdateIsuse/admin_id/4
INFO: [ app_begin ] --START--
INFO: Run Behavior\ReadHtmlCacheBehavior [ RunTime:0.000000s ]
INFO: [ app_begin ] --END-- [ RunTime:0.000000s ]
INFO: [ app_end ] --START--
INFO: Run Behavior\ShowPageTraceBehavior [ RunTime:0.000000s ]
INFO: [ app_end ] --END-- [ RunTime:0.000000s ]

[ 2017-11-23T10:46:36+08:00 ] 127.0.0.1 /index.php/Admin/Admin/ajaxUpdateIsuse/admin_id/4
INFO: [ app_begin ] --START--
INFO: Run Behavior\ReadHtmlCacheBehavior [ RunTime:0.000000s ]
INFO: [ app_begin ] --END-- [ RunTime:0.000000s ]
INFO: [ app_end ] --START--
INFO: Run Behavior\ShowPageTraceBehavior [ RunTime:0.000000s ]
INFO: [ app_end ] --END-- [ RunTime:0.000000s ]

[ 2017-11-23T10:46:38+08:00 ] 127.0.0.1 /index.php/Admin/Admin/ajaxUpdateIsuse/admin_id/4
INFO: [ app_begin ] --START--
INFO: Run Behavior\ReadHtmlCacheBehavior [ RunTime:0.000000s ]
INFO: [ app_begin ] --END-- [ RunTime:0.000000s ]
INFO: [ app_end ] --START--
INFO: Run Behavior\ShowPageTraceBehavior [ RunTime:0.000000s ]
INFO: [ app_end ] --END-- [ RunTime:0.000000s ]

[ 2017-11-23T10:46:39+08:00 ] 127.0.0.1 /index.php/Admin/Admin/ajaxUpdateIsuse/admin_id/4
INFO: [ app_begin ] --START--
INFO: Run Behavior\ReadHtmlCacheBehavior [ RunTime:0.000000s ]
INFO: [ app_begin ] --END-- [ RunTime:0.000000s ]
INFO: [ app_end ] --START--
INFO: Run Behavior\ShowPageTraceBehavior [ RunTime:0.000000s ]
INFO: [ app_end ] --END-- [ RunTime:0.000000s ]

[ 2017-11-23T10:46:43+08:00 ] 127.0.0.1 /index.php/Admin/Admin/ajaxUpdateIsuse/admin_id/4
INFO: [ app_begin ] --START--
INFO: Run Behavior\ReadHtmlCacheBehavior [ RunTime:0.000000s ]
INFO: [ app_begin ] --END-- [ RunTime:0.000000s ]
INFO: [ app_end ] --START--
INFO: Run Behavior\ShowPageTraceBehavior [ RunTime:0.000000s ]
INFO: [ app_end ] --END-- [ RunTime:0.000000s ]

[ 2017-11-23T10:53:21+08:00 ] 127.0.0.1 /index.php/Admin/Admin/ajaxUpdateIsuse/admin_id/4
INFO: [ app_begin ] --START--
INFO: Run Behavior\ReadHtmlCacheBehavior [ RunTime:0.000000s ]
INFO: [ app_begin ] --END-- [ RunTime:0.000000s ]
SQL: SHOW COLUMNS FROM `jd_admin` [ RunTime:0.000000s ]
SQL: SELECT * FROM `jd_admin` WHERE ( `admin_id` = 4 ) LIMIT 1   [ RunTime:0.000000s ]
SQL: UPDATE `jd_admin` SET `is_use`=1 WHERE ( `admin_id` = '4' ) [ RunTime:0.000000s ]
INFO: [ app_end ] --START--
INFO: Run Behavior\ShowPageTraceBehavior [ RunTime:0.000000s ]
INFO: [ app_end ] --END-- [ RunTime:0.000000s ]

[ 2017-11-23T10:53:29+08:00 ] 127.0.0.1 /index.php/Admin/Admin/ajaxUpdateIsuse/admin_id/4
INFO: [ app_begin ] --START--
INFO: Run Behavior\ReadHtmlCacheBehavior [ RunTime:0.000000s ]
INFO: [ app_begin ] --END-- [ RunTime:0.000000s ]
SQL: SHOW COLUMNS FROM `jd_admin` [ RunTime:0.000000s ]
SQL: SELECT * FROM `jd_admin` WHERE ( `admin_id` = 4 ) LIMIT 1   [ RunTime:0.000000s ]
SQL: UPDATE `jd_admin` SET `is_use`=0 WHERE ( `admin_id` = '4' ) [ RunTime:0.000000s ]
INFO: [ app_end ] --START--
INFO: Run Behavior\ShowPageTraceBehavior [ RunTime:0.000000s ]
INFO: [ app_end ] --END-- [ RunTime:0.000000s ]

[ 2017-11-23T11:36:03+08:00 ] 127.0.0.1 /index.php/Admin/Login/login.html
ERR: 无法加载控制器:Login

[ 2017-11-23T11:36:05+08:00 ] 127.0.0.1 /index.php/Admin/Login/login.html
ERR: 无法加载控制器:Login

[ 2017-11-23T11:36:07+08:00 ] 127.0.0.1 /index.php/Admin/Login/login.html
ERR: 无法加载控制器:Login

[ 2017-11-23T11:52:57+08:00 ] 127.0.0.1 /index.php/Admin/Login/login
ERR: 模板不存在:./Application/Admin/View/Login/login.html

[ 2017-11-23T11:53:52+08:00 ] 127.0.0.1 /index.php/Admin/Login/chkcode.html
ERR: 非法操作:chkcode

[ 2017-11-23T11:53:52+08:00 ] 127.0.0.1 /index.php/Admin/Login/chkcode.html
ERR: 非法操作:chkcode

[ 2017-11-23T11:53:54+08:00 ] 127.0.0.1 /index.php/Admin/Login/chkcode.html
ERR: 非法操作:chkcode

[ 2017-11-23T14:56:23+08:00 ] 127.0.0.1 /index.php/Admin/Index/categoryList.html
ERR: 非法操作:categoryList

[ 2017-11-23T15:17:15+08:00 ] 127.0.0.1 /index.php/Admin/Index/categoryList.html
ERR: 非法操作:categoryList

[ 2017-11-23T15:17:30+08:00 ] 127.0.0.1 /index.php/Admin/Admin/ajaxUpdateIsuse/admin_id/4
INFO: [ app_begin ] --START--
INFO: Run Behavior\ReadHtmlCacheBehavior [ RunTime:0.000000s ]
INFO: [ app_begin ] --END-- [ RunTime:0.000000s ]
SQL: select count(*) hes from jd_privilege where module_name="Admin" AND controller_name="Admin" AND action_name="ajaxUpdateIsuse" [ RunTime:0.000000s ]

[ 2017-11-23T15:17:34+08:00 ] 127.0.0.1 /index.php/Admin/Admin/ajaxUpdateIsuse/admin_id/4
INFO: [ app_begin ] --START--
INFO: Run Behavior\ReadHtmlCacheBehavior [ RunTime:0.000000s ]
INFO: [ app_begin ] --END-- [ RunTime:0.015600s ]
SQL: select count(*) hes from jd_privilege where module_name="Admin" AND controller_name="Admin" AND action_name="ajaxUpdateIsuse" [ RunTime:0.000000s ]

[ 2017-11-23T15:17:35+08:00 ] 127.0.0.1 /index.php/Admin/Admin/ajaxUpdateIsuse/admin_id/4
INFO: [ app_begin ] --START--
INFO: Run Behavior\ReadHtmlCacheBehavior [ RunTime:0.000000s ]
INFO: [ app_begin ] --END-- [ RunTime:0.000000s ]
SQL: select count(*) hes from jd_privilege where module_name="Admin" AND controller_name="Admin" AND action_name="ajaxUpdateIsuse" [ RunTime:0.000000s ]

[ 2017-11-23T15:17:36+08:00 ] 127.0.0.1 /index.php/Admin/Admin/ajaxUpdateIsuse/admin_id/4
INFO: [ app_begin ] --START--
INFO: Run Behavior\ReadHtmlCacheBehavior [ RunTime:0.000000s ]
INFO: [ app_begin ] --END-- [ RunTime:0.000000s ]
SQL: select count(*) hes from jd_privilege where module_name="Admin" AND controller_name="Admin" AND action_name="ajaxUpdateIsuse" [ RunTime:0.000000s ]

[ 2017-11-23T15:17:37+08:00 ] 127.0.0.1 /index.php/Admin/Admin/ajaxUpdateIsuse/admin_id/4
INFO: [ app_begin ] --START--
INFO: Run Behavior\ReadHtmlCacheBehavior [ RunTime:0.000000s ]
INFO: [ app_begin ] --END-- [ RunTime:0.000000s ]
SQL: select count(*) hes from jd_privilege where module_name="Admin" AND controller_name="Admin" AND action_name="ajaxUpdateIsuse" [ RunTime:0.000000s ]

[ 2017-11-23T15:20:19+08:00 ] 127.0.0.1 /index.php/Admin/Admin/ajaxUpdateIsuse/admin_id/4
INFO: [ app_begin ] --START--
INFO: Run Behavior\ReadHtmlCacheBehavior [ RunTime:0.000000s ]
INFO: [ app_begin ] --END-- [ RunTime:0.000000s ]
SQL: select count(*) hes from jd_privilege where module_name="Admin" AND controller_name="Admin" AND action_name="ajaxUpdateIsuse" [ RunTime:0.000000s ]
SQL: SHOW COLUMNS FROM `jd_admin` [ RunTime:0.000000s ]
SQL: SELECT * FROM `jd_admin` WHERE ( `admin_id` = 4 ) LIMIT 1   [ RunTime:0.000000s ]
SQL: UPDATE `jd_admin` SET `is_use`=0 WHERE ( `admin_id` = '4' ) [ RunTime:0.000000s ]
INFO: [ app_end ] --START--
INFO: Run Behavior\ShowPageTraceBehavior [ RunTime:0.015600s ]
INFO: [ app_end ] --END-- [ RunTime:0.015600s ]

[ 2017-11-23T15:20:21+08:00 ] 127.0.0.1 /index.php/Admin/Admin/ajaxUpdateIsuse/admin_id/4
INFO: [ app_begin ] --START--
INFO: Run Behavior\ReadHtmlCacheBehavior [ RunTime:0.000000s ]
INFO: [ app_begin ] --END-- [ RunTime:0.000000s ]
SQL: select count(*) hes from jd_privilege where module_name="Admin" AND controller_name="Admin" AND action_name="ajaxUpdateIsuse" [ RunTime:0.000000s ]
SQL: SHOW COLUMNS FROM `jd_admin` [ RunTime:0.000000s ]
SQL: SELECT * FROM `jd_admin` WHERE ( `admin_id` = 4 ) LIMIT 1   [ RunTime:0.000000s ]
SQL: UPDATE `jd_admin` SET `is_use`=1 WHERE ( `admin_id` = '4' ) [ RunTime:0.000000s ]
INFO: [ app_end ] --START--
INFO: Run Behavior\ShowPageTraceBehavior [ RunTime:0.000000s ]
INFO: [ app_end ] --END-- [ RunTime:0.000000s ]

[ 2017-11-23T18:06:17+08:00 ] 127.0.0.1 /index.php/Admin/Index/meun
ERR: 非法操作:meun

[ 2017-11-23T18:07:31+08:00 ] 127.0.0.1 /index.php/Admin/Index/meun
ERR: 非法操作:meun

