[ 2017-12-02T11:54:05+08:00 ] 127.0.0.1 /index.php/Admin/Goods/ajaxGetAttr/type_id/1
INFO: [ app_begin ] --START--
INFO: Run Behavior\ReadHtmlCacheBehavior [ RunTime:0.000000s ]
INFO: [ app_begin ] --END-- [ RunTime:0.000000s ]
SQL: select count(*) hes from jd_privilege where module_name="Admin" AND controller_name="Goods" AND action_name="ajaxGetAttr" [ RunTime:0.000000s ]
SQL: SHOW COLUMNS FROM `jd_attribute` [ RunTime:0.000000s ]
SQL: SELECT * FROM `jd_attribute` WHERE ( `type_id` = '1' )  [ RunTime:0.000000s ]
INFO: [ app_end ] --START--
INFO: Run Behavior\ShowPageTraceBehavior [ RunTime:0.000000s ]
INFO: [ app_end ] --END-- [ RunTime:0.000000s ]

[ 2017-12-02T11:54:06+08:00 ] 127.0.0.1 /index.php/Admin/Goods/ajaxGetAttr/type_id/2
INFO: [ app_begin ] --START--
INFO: Run Behavior\ReadHtmlCacheBehavior [ RunTime:0.000000s ]
INFO: [ app_begin ] --END-- [ RunTime:0.000000s ]
SQL: select count(*) hes from jd_privilege where module_name="Admin" AND controller_name="Goods" AND action_name="ajaxGetAttr" [ RunTime:0.000000s ]
SQL: SHOW COLUMNS FROM `jd_attribute` [ RunTime:0.000000s ]
SQL: SELECT * FROM `jd_attribute` WHERE ( `type_id` = '2' )  [ RunTime:0.000000s ]
INFO: [ app_end ] --START--
INFO: Run Behavior\ShowPageTraceBehavior [ RunTime:0.000000s ]
INFO: [ app_end ] --END-- [ RunTime:0.000000s ]

[ 2017-12-02T11:54:09+08:00 ] 127.0.0.1 /index.php/Admin/Goods/ajaxGetAttr/type_id/1
INFO: [ app_begin ] --START--
INFO: Run Behavior\ReadHtmlCacheBehavior [ RunTime:0.000000s ]
INFO: [ app_begin ] --END-- [ RunTime:0.000000s ]
SQL: select count(*) hes from jd_privilege where module_name="Admin" AND controller_name="Goods" AND action_name="ajaxGetAttr" [ RunTime:0.000000s ]
SQL: SHOW COLUMNS FROM `jd_attribute` [ RunTime:0.000000s ]
SQL: SELECT * FROM `jd_attribute` WHERE ( `type_id` = '1' )  [ RunTime:0.000000s ]
INFO: [ app_end ] --START--
INFO: Run Behavior\ShowPageTraceBehavior [ RunTime:0.000000s ]
INFO: [ app_end ] --END-- [ RunTime:0.000000s ]

[ 2017-12-02T12:18:24+08:00 ] 127.0.0.1 /index.php/Admin/Goods/ajaxGetAttr/type_id/1
INFO: [ app_begin ] --START--
INFO: Run Behavior\ReadHtmlCacheBehavior [ RunTime:0.000000s ]
INFO: [ app_begin ] --END-- [ RunTime:0.000000s ]
SQL: select count(*) hes from jd_privilege where module_name="Admin" AND controller_name="Goods" AND action_name="ajaxGetAttr" [ RunTime:0.000000s ]
SQL: SHOW COLUMNS FROM `jd_attribute` [ RunTime:0.015600s ]
SQL: SELECT * FROM `jd_attribute` WHERE ( `type_id` = '1' )  [ RunTime:0.000000s ]
INFO: [ app_end ] --START--
INFO: Run Behavior\ShowPageTraceBehavior [ RunTime:0.000000s ]
INFO: [ app_end ] --END-- [ RunTime:0.000000s ]

[ 2017-12-02T12:19:47+08:00 ] 127.0.0.1 /index.php/Admin/Goods/ajaxGetAttr/type_id/1
INFO: [ app_begin ] --START--
INFO: Run Behavior\ReadHtmlCacheBehavior [ RunTime:0.000000s ]
INFO: [ app_begin ] --END-- [ RunTime:0.000000s ]
SQL: select count(*) hes from jd_privilege where module_name="Admin" AND controller_name="Goods" AND action_name="ajaxGetAttr" [ RunTime:0.000000s ]
SQL: SHOW COLUMNS FROM `jd_attribute` [ RunTime:0.015600s ]
SQL: SELECT * FROM `jd_attribute` WHERE ( `type_id` = '1' )  [ RunTime:0.000000s ]
INFO: [ app_end ] --START--
INFO: Run Behavior\ShowPageTraceBehavior [ RunTime:0.000000s ]
INFO: [ app_end ] --END-- [ RunTime:0.000000s ]

[ 2017-12-02T12:40:48+08:00 ] 127.0.0.1 /index.php/Admin/Index/__GROUP__/Login/login
ERR: 非法操作:__GROUP__

[ 2017-12-02T12:45:44+08:00 ] 127.0.0.1 /index.php/Admin/Index/__GROUP__/Index/main
ERR: 非法操作:__GROUP__

[ 2017-12-02T12:48:55+08:00 ] 127.0.0.1 /index.php/Admin/Index/Login/login
ERR: 非法操作:Login

[ 2017-12-02T12:49:15+08:00 ] 127.0.0.1 /index.php/Admin/Index/Login/login
ERR: 非法操作:Login

[ 2017-12-02T12:52:00+08:00 ] 127.0.0.1 /index.php/Admin/Index/__GROUP__/Index/main
ERR: 非法操作:__GROUP__

